2020-08-10 19:27:12.188 -[http-nio-10031-exec-10]- [ INFO  ] [ org.apache.tomcat.util.http.parser.Cookie : 173 ] - A cookie header was received [1596590052,1596607176,1596612227; rtls=c76dd853880e4ca6a24a0a99e03fb2da; moduleID=M7202; navSequence=%2Ffcdownproduct%2Findex] that contained an invalid cookie. That cookie will be ignored.
 Note: further occurrences of this error will be logged at DEBUG level.
2020-08-10 19:27:13.928 -[http-nio-10031-exec-10]- [ DEBUG ] [ c.j.crawler.web.admin.mapper.EnumMapper.getAll : 143 ] - ==>  Preparing: select label, value, type, color from dictionary union all select name as label, id as value , 'Site' as type, null as color from site union all select concat_ws(':',ip,port) as label, id as value , 'Crawler' as type, null as color from crawler union all select ip as label, id as value , 'Proxy' as type, null as color from proxy union all select name as label, id as value , 'System' as type, null as color from down_system union all select path as label, id as value , 'Script' as type, null as color from script union all select account as label, id as value , 'Account' as type, null as color from site_account 
2020-08-10 19:27:13.947 -[http-nio-10031-exec-10]- [ DEBUG ] [ c.j.crawler.web.admin.mapper.EnumMapper.getAll : 143 ] - ==> Parameters: 
2020-08-10 19:27:13.960 -[http-nio-10031-exec-10]- [ DEBUG ] [ c.j.crawler.web.admin.mapper.EnumMapper.getAll : 143 ] - <==      Total: 53
2020-08-10 19:27:14.163 -[http-nio-10031-exec-1]- [ DEBUG ] [ c.j.c.web.admin.mapper.ScriptMapper.getPage_COUNT : 143 ] - ==>  Preparing: SELECT count(0) FROM script t 
2020-08-10 19:27:14.170 -[http-nio-10031-exec-1]- [ DEBUG ] [ c.j.c.web.admin.mapper.ScriptMapper.getPage_COUNT : 143 ] - ==> Parameters: 
2020-08-10 19:27:14.187 -[http-nio-10031-exec-1]- [ DEBUG ] [ c.j.c.web.admin.mapper.ScriptMapper.getPage_COUNT : 143 ] - <==      Total: 1
2020-08-10 19:27:14.188 -[http-nio-10031-exec-1]- [ DEBUG ] [ c.j.crawler.web.admin.mapper.ScriptMapper.getPage : 143 ] - ==>  Preparing: select t.id, t.description, t.path, t.script_type, t.down_system_site_id, t.enable_status, t.create_time from script t LIMIT ? 
2020-08-10 19:27:14.188 -[http-nio-10031-exec-1]- [ DEBUG ] [ c.j.crawler.web.admin.mapper.ScriptMapper.getPage : 143 ] - ==> Parameters: 10(Integer)
2020-08-10 19:27:14.190 -[http-nio-10031-exec-1]- [ DEBUG ] [ c.j.crawler.web.admin.mapper.ScriptMapper.getPage : 143 ] - <==      Total: 10
2020-08-10 19:27:21.966 -[http-nio-10031-exec-2]- [ DEBUG ] [ c.j.c.w.a.mapper.DownSystemMapper.getPage_COUNT : 143 ] - ==>  Preparing: SELECT count(0) FROM down_system t 
2020-08-10 19:27:21.968 -[http-nio-10031-exec-2]- [ DEBUG ] [ c.j.c.w.a.mapper.DownSystemMapper.getPage_COUNT : 143 ] - ==> Parameters: 
2020-08-10 19:27:21.970 -[http-nio-10031-exec-2]- [ DEBUG ] [ c.j.c.w.a.mapper.DownSystemMapper.getPage_COUNT : 143 ] - <==      Total: 1
2020-08-10 19:27:21.979 -[http-nio-10031-exec-2]- [ DEBUG ] [ c.j.c.web.admin.mapper.DownSystemMapper.getPage : 143 ] - ==>  Preparing: select t.id, t.name, t.priority, t.description, t.app_key, t.app_secret, t.data_url, t.data_queue, t.task_max_running_count, t.task_current_running_count, t.url_total_count, t.url_finished_count, t.url_bad_count, t.enable_status, t.create_time from down_system t LIMIT ? 
2020-08-10 19:27:21.980 -[http-nio-10031-exec-2]- [ DEBUG ] [ c.j.c.web.admin.mapper.DownSystemMapper.getPage : 143 ] - ==> Parameters: 10(Integer)
2020-08-10 19:27:21.982 -[http-nio-10031-exec-2]- [ DEBUG ] [ c.j.c.web.admin.mapper.DownSystemMapper.getPage : 143 ] - <==      Total: 1
2020-08-10 19:27:30.282 -[http-nio-10031-exec-3]- [ DEBUG ] [ c.j.c.web.admin.mapper.SiteMapper.getPage_COUNT : 143 ] - ==>  Preparing: SELECT count(0) FROM site t 
2020-08-10 19:27:30.283 -[http-nio-10031-exec-3]- [ DEBUG ] [ c.j.c.web.admin.mapper.SiteMapper.getPage_COUNT : 143 ] - ==> Parameters: 
2020-08-10 19:27:30.285 -[http-nio-10031-exec-3]- [ DEBUG ] [ c.j.c.web.admin.mapper.SiteMapper.getPage_COUNT : 143 ] - <==      Total: 1
2020-08-10 19:27:30.286 -[http-nio-10031-exec-3]- [ DEBUG ] [ c.j.crawler.web.admin.mapper.SiteMapper.getPage : 143 ] - ==>  Preparing: select t.id, t.name, t.domain, t.description, t.home_page_url, t.parent_site_id, t.crawl_need_use_cookie, t.login_script_id, t.login_need_vcode, t.login_capta_type, t.need_use_proxy, t.ip_delay_timeout, t.ip_block_timeout, t.ip_hour_speed_limit, t.ip_minute_speed_limit, t.ip_day_speed_limit, t.account_allow_cross_ip, t.account_allow_multiple, t.account_minute_speed_limit, t.account_hour_speed_limit, t.account_day_speed_limit, t.account_max_block_count, t.account_block_timeout, t.account_max_cookie_count, t.account_delay_timeout, t.cookie_max_block_count, t.cookie_expire_timeout, t.cookie_delay_timeout, t.enable_status, t.create_time from site t LIMIT ? 
2020-08-10 19:27:30.286 -[http-nio-10031-exec-3]- [ DEBUG ] [ c.j.crawler.web.admin.mapper.SiteMapper.getPage : 143 ] - ==> Parameters: 10(Integer)
2020-08-10 19:27:30.309 -[http-nio-10031-exec-3]- [ DEBUG ] [ c.j.crawler.web.admin.mapper.SiteMapper.getPage : 143 ] - <==      Total: 1
2020-08-10 19:27:34.525 -[http-nio-10031-exec-4]- [ DEBUG ] [ c.j.c.w.a.m.DownSystemSiteMapper.getPage_COUNT : 143 ] - ==>  Preparing: SELECT count(0) FROM down_system_site t 
2020-08-10 19:27:34.526 -[http-nio-10031-exec-4]- [ DEBUG ] [ c.j.c.w.a.m.DownSystemSiteMapper.getPage_COUNT : 143 ] - ==> Parameters: 
2020-08-10 19:27:34.527 -[http-nio-10031-exec-4]- [ DEBUG ] [ c.j.c.w.a.m.DownSystemSiteMapper.getPage_COUNT : 143 ] - <==      Total: 1
2020-08-10 19:27:34.528 -[http-nio-10031-exec-4]- [ DEBUG ] [ c.j.c.w.admin.mapper.DownSystemSiteMapper.getPage : 143 ] - ==>  Preparing: select t.id, t.site_id, t.script_id, t.down_system_id, t.priority, t.crawler_page_encoding, t.crawler_page_timeout, t.crawler_crawl_type, t.crawler_auto_download_page, t.url_max_cache_count, t.url_finished_count, t.url_bad_count, t.url_total_count, t.url_encodes, t.url_max_crawl_count, t.url_max_depth, t.url_match_patterns, t.bloom_expected_url_size, t.bloom_fpp, t.task_url_batch_count, t.task_max_wait_to_bind_count, t.task_current_bind_count, t.task_max_running_count, t.task_current_running_count, t.task_timeout, t.enable_status, t.create_time from down_system_site t LIMIT ? 
2020-08-10 19:27:34.528 -[http-nio-10031-exec-4]- [ DEBUG ] [ c.j.c.w.admin.mapper.DownSystemSiteMapper.getPage : 143 ] - ==> Parameters: 10(Integer)
2020-08-10 19:27:34.530 -[http-nio-10031-exec-4]- [ DEBUG ] [ c.j.c.w.admin.mapper.DownSystemSiteMapper.getPage : 143 ] - <==      Total: 1
2020-08-10 19:39:18.357 -[http-nio-10031-exec-5]- [ DEBUG ] [ c.j.c.web.admin.mapper.SiteMapper.getPage_COUNT : 143 ] - ==>  Preparing: SELECT count(0) FROM site t 
2020-08-10 19:39:18.358 -[http-nio-10031-exec-5]- [ DEBUG ] [ c.j.c.web.admin.mapper.SiteMapper.getPage_COUNT : 143 ] - ==> Parameters: 
2020-08-10 19:39:18.379 -[http-nio-10031-exec-5]- [ DEBUG ] [ c.j.c.web.admin.mapper.SiteMapper.getPage_COUNT : 143 ] - <==      Total: 1
2020-08-10 19:39:18.380 -[http-nio-10031-exec-5]- [ DEBUG ] [ c.j.crawler.web.admin.mapper.SiteMapper.getPage : 143 ] - ==>  Preparing: select t.id, t.name, t.domain, t.description, t.home_page_url, t.parent_site_id, t.crawl_need_use_cookie, t.login_script_id, t.login_need_vcode, t.login_capta_type, t.need_use_proxy, t.ip_delay_timeout, t.ip_block_timeout, t.ip_hour_speed_limit, t.ip_minute_speed_limit, t.ip_day_speed_limit, t.account_allow_cross_ip, t.account_allow_multiple, t.account_minute_speed_limit, t.account_hour_speed_limit, t.account_day_speed_limit, t.account_max_block_count, t.account_block_timeout, t.account_max_cookie_count, t.account_delay_timeout, t.cookie_max_block_count, t.cookie_expire_timeout, t.cookie_delay_timeout, t.enable_status, t.create_time from site t LIMIT ? 
2020-08-10 19:39:18.380 -[http-nio-10031-exec-5]- [ DEBUG ] [ c.j.crawler.web.admin.mapper.SiteMapper.getPage : 143 ] - ==> Parameters: 10(Integer)
2020-08-10 19:39:18.382 -[http-nio-10031-exec-5]- [ DEBUG ] [ c.j.crawler.web.admin.mapper.SiteMapper.getPage : 143 ] - <==      Total: 1
2020-08-10 19:39:21.975 -[http-nio-10031-exec-6]- [ DEBUG ] [ c.j.c.w.a.mapper.DownSystemMapper.getPage_COUNT : 143 ] - ==>  Preparing: SELECT count(0) FROM down_system t 
2020-08-10 19:39:21.976 -[http-nio-10031-exec-6]- [ DEBUG ] [ c.j.c.w.a.mapper.DownSystemMapper.getPage_COUNT : 143 ] - ==> Parameters: 
2020-08-10 19:39:21.994 -[http-nio-10031-exec-6]- [ DEBUG ] [ c.j.c.w.a.mapper.DownSystemMapper.getPage_COUNT : 143 ] - <==      Total: 1
2020-08-10 19:39:21.995 -[http-nio-10031-exec-6]- [ DEBUG ] [ c.j.c.web.admin.mapper.DownSystemMapper.getPage : 143 ] - ==>  Preparing: select t.id, t.name, t.priority, t.description, t.app_key, t.app_secret, t.data_url, t.data_queue, t.task_max_running_count, t.task_current_running_count, t.url_total_count, t.url_finished_count, t.url_bad_count, t.enable_status, t.create_time from down_system t LIMIT ? 
2020-08-10 19:39:21.995 -[http-nio-10031-exec-6]- [ DEBUG ] [ c.j.c.web.admin.mapper.DownSystemMapper.getPage : 143 ] - ==> Parameters: 10(Integer)
2020-08-10 19:39:21.996 -[http-nio-10031-exec-6]- [ DEBUG ] [ c.j.c.web.admin.mapper.DownSystemMapper.getPage : 143 ] - <==      Total: 1
2020-08-10 19:39:35.605 -[http-nio-10031-exec-7]- [ DEBUG ] [ c.j.c.web.admin.mapper.DownSystemMapper.updateById : 143 ] - ==>  Preparing: update down_system t SET t.name = ?, t.priority = ?, t.description = ?, t.app_key = ?, t.app_secret = ?, t.data_url = ?, t.data_queue = ?, t.task_max_running_count = ?, t.enable_status = ?, t.id = ? WHERE t.id = ? 
2020-08-10 19:39:35.613 -[http-nio-10031-exec-7]- [ DEBUG ] [ c.j.c.web.admin.mapper.DownSystemMapper.updateById : 143 ] - ==> Parameters: hot_spot_news(String), 5(Integer), test(String), 1234(String), test(String), http://www.baidu.com(String), 123(String), 1(Integer), 1(Integer), 17(Integer), 17(Integer)
2020-08-10 19:39:35.692 -[http-nio-10031-exec-7]- [ DEBUG ] [ c.j.c.web.admin.mapper.DownSystemMapper.updateById : 143 ] - <==    Updates: 1
2020-08-10 19:39:38.895 -[http-nio-10031-exec-8]- [ DEBUG ] [ c.j.c.web.admin.mapper.SiteMapper.getPage_COUNT : 143 ] - ==>  Preparing: SELECT count(0) FROM site t 
2020-08-10 19:39:38.896 -[http-nio-10031-exec-8]- [ DEBUG ] [ c.j.c.web.admin.mapper.SiteMapper.getPage_COUNT : 143 ] - ==> Parameters: 
2020-08-10 19:39:38.897 -[http-nio-10031-exec-8]- [ DEBUG ] [ c.j.c.web.admin.mapper.SiteMapper.getPage_COUNT : 143 ] - <==      Total: 1
2020-08-10 19:39:38.898 -[http-nio-10031-exec-8]- [ DEBUG ] [ c.j.crawler.web.admin.mapper.SiteMapper.getPage : 143 ] - ==>  Preparing: select t.id, t.name, t.domain, t.description, t.home_page_url, t.parent_site_id, t.crawl_need_use_cookie, t.login_script_id, t.login_need_vcode, t.login_capta_type, t.need_use_proxy, t.ip_delay_timeout, t.ip_block_timeout, t.ip_hour_speed_limit, t.ip_minute_speed_limit, t.ip_day_speed_limit, t.account_allow_cross_ip, t.account_allow_multiple, t.account_minute_speed_limit, t.account_hour_speed_limit, t.account_day_speed_limit, t.account_max_block_count, t.account_block_timeout, t.account_max_cookie_count, t.account_delay_timeout, t.cookie_max_block_count, t.cookie_expire_timeout, t.cookie_delay_timeout, t.enable_status, t.create_time from site t LIMIT ? 
2020-08-10 19:39:38.898 -[http-nio-10031-exec-8]- [ DEBUG ] [ c.j.crawler.web.admin.mapper.SiteMapper.getPage : 143 ] - ==> Parameters: 10(Integer)
2020-08-10 19:39:38.899 -[http-nio-10031-exec-8]- [ DEBUG ] [ c.j.crawler.web.admin.mapper.SiteMapper.getPage : 143 ] - <==      Total: 1
2020-08-10 19:39:41.824 -[http-nio-10031-exec-9]- [ DEBUG ] [ c.j.c.w.a.m.DownSystemSiteMapper.getPage_COUNT : 143 ] - ==>  Preparing: SELECT count(0) FROM down_system_site t 
2020-08-10 19:39:41.824 -[http-nio-10031-exec-9]- [ DEBUG ] [ c.j.c.w.a.m.DownSystemSiteMapper.getPage_COUNT : 143 ] - ==> Parameters: 
2020-08-10 19:39:41.828 -[http-nio-10031-exec-9]- [ DEBUG ] [ c.j.c.w.a.m.DownSystemSiteMapper.getPage_COUNT : 143 ] - <==      Total: 1
2020-08-10 19:39:41.828 -[http-nio-10031-exec-9]- [ DEBUG ] [ c.j.c.w.admin.mapper.DownSystemSiteMapper.getPage : 143 ] - ==>  Preparing: select t.id, t.site_id, t.script_id, t.down_system_id, t.priority, t.crawler_page_encoding, t.crawler_page_timeout, t.crawler_crawl_type, t.crawler_auto_download_page, t.url_max_cache_count, t.url_finished_count, t.url_bad_count, t.url_total_count, t.url_encodes, t.url_max_crawl_count, t.url_max_depth, t.url_match_patterns, t.bloom_expected_url_size, t.bloom_fpp, t.task_url_batch_count, t.task_max_wait_to_bind_count, t.task_current_bind_count, t.task_max_running_count, t.task_current_running_count, t.task_timeout, t.enable_status, t.create_time from down_system_site t LIMIT ? 
2020-08-10 19:39:41.829 -[http-nio-10031-exec-9]- [ DEBUG ] [ c.j.c.w.admin.mapper.DownSystemSiteMapper.getPage : 143 ] - ==> Parameters: 10(Integer)
2020-08-10 19:39:41.830 -[http-nio-10031-exec-9]- [ DEBUG ] [ c.j.c.w.admin.mapper.DownSystemSiteMapper.getPage : 143 ] - <==      Total: 1
2020-08-10 19:45:09.479 -[http-nio-10031-exec-10]- [ DEBUG ] [ c.j.c.w.a.m.DownSystemSiteMapper.getPage_COUNT : 143 ] - ==>  Preparing: SELECT count(0) FROM down_system_site t 
2020-08-10 19:45:09.479 -[http-nio-10031-exec-10]- [ DEBUG ] [ c.j.c.w.a.m.DownSystemSiteMapper.getPage_COUNT : 143 ] - ==> Parameters: 
2020-08-10 19:45:09.481 -[http-nio-10031-exec-10]- [ DEBUG ] [ c.j.c.w.a.m.DownSystemSiteMapper.getPage_COUNT : 143 ] - <==      Total: 1
2020-08-10 19:46:15.891 -[http-nio-10031-exec-1]- [ DEBUG ] [ c.j.crawler.web.admin.mapper.EnumMapper.getAll : 143 ] - ==>  Preparing: select label, value, type, color from dictionary union all select name as label, id as value , 'Site' as type, null as color from site union all select concat_ws(':',ip,port) as label, id as value , 'Crawler' as type, null as color from crawler union all select ip as label, id as value , 'Proxy' as type, null as color from proxy union all select name as label, id as value , 'System' as type, null as color from down_system union all select path as label, id as value , 'Script' as type, null as color from script union all select account as label, id as value , 'Account' as type, null as color from site_account 
2020-08-10 19:46:15.891 -[http-nio-10031-exec-1]- [ DEBUG ] [ c.j.crawler.web.admin.mapper.EnumMapper.getAll : 143 ] - ==> Parameters: 
2020-08-10 19:46:15.988 -[http-nio-10031-exec-1]- [ DEBUG ] [ c.j.crawler.web.admin.mapper.EnumMapper.getAll : 143 ] - <==      Total: 53
2020-08-10 19:46:16.253 -[http-nio-10031-exec-2]- [ DEBUG ] [ c.j.c.web.admin.mapper.ScriptMapper.getPage_COUNT : 143 ] - ==>  Preparing: SELECT count(0) FROM script t 
2020-08-10 19:46:16.254 -[http-nio-10031-exec-2]- [ DEBUG ] [ c.j.c.web.admin.mapper.ScriptMapper.getPage_COUNT : 143 ] - ==> Parameters: 
2020-08-10 19:46:16.256 -[http-nio-10031-exec-2]- [ DEBUG ] [ c.j.c.web.admin.mapper.ScriptMapper.getPage_COUNT : 143 ] - <==      Total: 1
2020-08-10 19:46:16.257 -[http-nio-10031-exec-2]- [ DEBUG ] [ c.j.crawler.web.admin.mapper.ScriptMapper.getPage : 143 ] - ==>  Preparing: select t.id, t.description, t.path, t.script_type, t.down_system_site_id, t.enable_status, t.create_time from script t LIMIT ? 
2020-08-10 19:46:16.257 -[http-nio-10031-exec-2]- [ DEBUG ] [ c.j.crawler.web.admin.mapper.ScriptMapper.getPage : 143 ] - ==> Parameters: 10(Integer)
2020-08-10 19:46:16.258 -[http-nio-10031-exec-2]- [ DEBUG ] [ c.j.crawler.web.admin.mapper.ScriptMapper.getPage : 143 ] - <==      Total: 10
2020-08-10 19:46:19.170 -[http-nio-10031-exec-3]- [ DEBUG ] [ c.j.c.web.admin.mapper.CrawlerMapper.getPage_COUNT : 143 ] - ==>  Preparing: SELECT count(0) FROM crawler t 
2020-08-10 19:46:19.171 -[http-nio-10031-exec-3]- [ DEBUG ] [ c.j.c.web.admin.mapper.CrawlerMapper.getPage_COUNT : 143 ] - ==> Parameters: 
2020-08-10 19:46:19.172 -[http-nio-10031-exec-3]- [ DEBUG ] [ c.j.c.web.admin.mapper.CrawlerMapper.getPage_COUNT : 143 ] - <==      Total: 1
2020-08-10 19:46:19.173 -[http-nio-10031-exec-3]- [ DEBUG ] [ c.j.crawler.web.admin.mapper.CrawlerMapper.getPage : 143 ] - ==>  Preparing: select t.id, t.client_version, t.name, t.ip, t.description, t.crawler_type, t.key, t.unique_id, t.port, t.max_concurrency, t.current_concurrency, t.heartbeat_status, t.heartbeat_last_time, t.heartbeat_lost_count, t.enable_status, t.create_time from crawler t LIMIT ? 
2020-08-10 19:46:19.173 -[http-nio-10031-exec-3]- [ DEBUG ] [ c.j.crawler.web.admin.mapper.CrawlerMapper.getPage : 143 ] - ==> Parameters: 10(Integer)
2020-08-10 19:46:19.178 -[http-nio-10031-exec-3]- [ DEBUG ] [ c.j.crawler.web.admin.mapper.CrawlerMapper.getPage : 143 ] - <==      Total: 1
2020-08-10 19:46:23.459 -[http-nio-10031-exec-4]- [ DEBUG ] [ c.j.c.w.a.m.DownSystemSiteMapper.getPage_COUNT : 143 ] - ==>  Preparing: SELECT count(0) FROM down_system_site t 
2020-08-10 19:46:23.459 -[http-nio-10031-exec-4]- [ DEBUG ] [ c.j.c.w.a.m.DownSystemSiteMapper.getPage_COUNT : 143 ] - ==> Parameters: 
2020-08-10 19:46:23.460 -[http-nio-10031-exec-4]- [ DEBUG ] [ c.j.c.w.a.m.DownSystemSiteMapper.getPage_COUNT : 143 ] - <==      Total: 1
2020-08-10 19:46:58.303 -[http-nio-10031-exec-5]- [ DEBUG ] [ c.j.c.web.admin.mapper.DownSystemSiteMapper.add : 143 ] - ==>  Preparing: insert into down_system_site ( site_id, down_system_id, crawler_crawl_type, crawler_auto_download_page, url_encodes, bloom_expected_url_size, task_max_running_count, task_timeout, create_time ) values ( ?, ?, ?, ?, ?, ?, ?, ?, current_timestamp ) 
2020-08-10 19:46:58.338 -[http-nio-10031-exec-5]- [ DEBUG ] [ c.j.c.web.admin.mapper.DownSystemSiteMapper.add : 143 ] - ==> Parameters: 24(Integer), 17(Integer), 1(Integer), 1(Integer), sada(String), 1000000(Integer), 10(Integer), 20(Integer)
2020-08-10 19:46:58.534 -[http-nio-10031-exec-5]- [ DEBUG ] [ c.j.c.web.admin.mapper.DownSystemSiteMapper.add : 143 ] - <==    Updates: 1
2020-08-10 22:17:23.844 -[http-nio-10031-exec-6]- [ DEBUG ] [ c.j.c.w.a.mapper.DownSystemMapper.getPage_COUNT : 143 ] - ==>  Preparing: SELECT count(0) FROM down_system t 
2020-08-10 22:17:23.845 -[http-nio-10031-exec-6]- [ DEBUG ] [ c.j.c.w.a.mapper.DownSystemMapper.getPage_COUNT : 143 ] - ==> Parameters: 
2020-08-10 22:17:23.888 -[http-nio-10031-exec-6]- [ DEBUG ] [ c.j.c.w.a.mapper.DownSystemMapper.getPage_COUNT : 143 ] - <==      Total: 1
2020-08-10 22:17:23.889 -[http-nio-10031-exec-6]- [ DEBUG ] [ c.j.c.web.admin.mapper.DownSystemMapper.getPage : 143 ] - ==>  Preparing: select t.id, t.name, t.priority, t.description, t.app_key, t.app_secret, t.data_url, t.data_queue, t.task_max_running_count, t.task_current_running_count, t.url_total_count, t.url_finished_count, t.url_bad_count, t.enable_status, t.create_time from down_system t LIMIT ? 
2020-08-10 22:17:23.889 -[http-nio-10031-exec-6]- [ DEBUG ] [ c.j.c.web.admin.mapper.DownSystemMapper.getPage : 143 ] - ==> Parameters: 10(Integer)
2020-08-10 22:17:23.891 -[http-nio-10031-exec-6]- [ DEBUG ] [ c.j.c.web.admin.mapper.DownSystemMapper.getPage : 143 ] - <==      Total: 1
2020-08-10 22:17:30.950 -[http-nio-10031-exec-7]- [ DEBUG ] [ c.j.c.w.a.mapper.DownSystemMapper.getPage_COUNT : 143 ] - ==>  Preparing: SELECT count(0) FROM down_system t 
2020-08-10 22:17:30.951 -[http-nio-10031-exec-7]- [ DEBUG ] [ c.j.c.w.a.mapper.DownSystemMapper.getPage_COUNT : 143 ] - ==> Parameters: 
2020-08-10 22:17:30.953 -[http-nio-10031-exec-7]- [ DEBUG ] [ c.j.c.w.a.mapper.DownSystemMapper.getPage_COUNT : 143 ] - <==      Total: 1
2020-08-10 22:17:30.954 -[http-nio-10031-exec-7]- [ DEBUG ] [ c.j.c.web.admin.mapper.DownSystemMapper.getPage : 143 ] - ==>  Preparing: select t.id, t.name, t.priority, t.description, t.app_key, t.app_secret, t.data_url, t.data_queue, t.task_max_running_count, t.task_current_running_count, t.url_total_count, t.url_finished_count, t.url_bad_count, t.enable_status, t.create_time from down_system t LIMIT ? 
2020-08-10 22:17:30.954 -[http-nio-10031-exec-7]- [ DEBUG ] [ c.j.c.web.admin.mapper.DownSystemMapper.getPage : 143 ] - ==> Parameters: 10(Integer)
2020-08-10 22:17:30.955 -[http-nio-10031-exec-7]- [ DEBUG ] [ c.j.c.web.admin.mapper.DownSystemMapper.getPage : 143 ] - <==      Total: 1
2020-08-10 22:17:33.689 -[http-nio-10031-exec-8]- [ DEBUG ] [ c.j.c.w.a.m.DownSystemSiteMapper.getPage_COUNT : 143 ] - ==>  Preparing: SELECT count(0) FROM down_system_site t 
2020-08-10 22:17:33.690 -[http-nio-10031-exec-8]- [ DEBUG ] [ c.j.c.w.a.m.DownSystemSiteMapper.getPage_COUNT : 143 ] - ==> Parameters: 
2020-08-10 22:17:33.728 -[http-nio-10031-exec-8]- [ DEBUG ] [ c.j.c.w.a.m.DownSystemSiteMapper.getPage_COUNT : 143 ] - <==      Total: 1
2020-08-10 22:17:33.729 -[http-nio-10031-exec-8]- [ DEBUG ] [ c.j.c.w.admin.mapper.DownSystemSiteMapper.getPage : 143 ] - ==>  Preparing: select t.id, t.site_id, t.script_id, t.down_system_id, t.priority, t.crawler_page_encoding, t.crawler_page_timeout, t.crawler_crawl_type, t.crawler_auto_download_page, t.url_max_cache_count, t.url_finished_count, t.url_bad_count, t.url_total_count, t.url_encodes, t.url_max_crawl_count, t.url_max_depth, t.url_match_patterns, t.bloom_expected_url_size, t.bloom_fpp, t.task_url_batch_count, t.task_max_wait_to_bind_count, t.task_current_bind_count, t.task_max_running_count, t.task_current_running_count, t.task_timeout, t.enable_status, t.create_time from down_system_site t LIMIT ? 
2020-08-10 22:17:33.729 -[http-nio-10031-exec-8]- [ DEBUG ] [ c.j.c.w.admin.mapper.DownSystemSiteMapper.getPage : 143 ] - ==> Parameters: 10(Integer)
2020-08-10 22:17:33.731 -[http-nio-10031-exec-8]- [ DEBUG ] [ c.j.c.w.admin.mapper.DownSystemSiteMapper.getPage : 143 ] - <==      Total: 1
2020-08-10 22:17:57.465 -[http-nio-10031-exec-9]- [ DEBUG ] [ c.j.c.w.a.mapper.SiteAccountMapper.getPage_COUNT : 143 ] - ==>  Preparing: SELECT count(0) FROM site_account t 
2020-08-10 22:17:57.466 -[http-nio-10031-exec-9]- [ DEBUG ] [ c.j.c.w.a.mapper.SiteAccountMapper.getPage_COUNT : 143 ] - ==> Parameters: 
2020-08-10 22:17:57.502 -[http-nio-10031-exec-9]- [ DEBUG ] [ c.j.c.w.a.mapper.SiteAccountMapper.getPage_COUNT : 143 ] - <==      Total: 1
2020-08-10 22:17:57.503 -[http-nio-10031-exec-9]- [ DEBUG ] [ c.j.c.web.admin.mapper.SiteAccountMapper.getPage : 143 ] - ==>  Preparing: select t.id, t.account, t.nick_name, t.description, t.login_type, t.site_id, t.phone, t.email, t.password, t.last_login_time, t.last_login_ip, t.current_use_count, t.block_current_count, t.block_timeout_time, t.enable_status, t.create_time from site_account t LIMIT ? 
2020-08-10 22:17:57.504 -[http-nio-10031-exec-9]- [ DEBUG ] [ c.j.c.web.admin.mapper.SiteAccountMapper.getPage : 143 ] - ==> Parameters: 10(Integer)
2020-08-10 22:17:57.506 -[http-nio-10031-exec-9]- [ DEBUG ] [ c.j.c.web.admin.mapper.SiteAccountMapper.getPage : 143 ] - <==      Total: 1
2020-08-10 22:18:02.528 -[http-nio-10031-exec-10]- [ DEBUG ] [ c.j.c.web.admin.mapper.SiteMapper.getPage_COUNT : 143 ] - ==>  Preparing: SELECT count(0) FROM site t 
2020-08-10 22:18:02.528 -[http-nio-10031-exec-10]- [ DEBUG ] [ c.j.c.web.admin.mapper.SiteMapper.getPage_COUNT : 143 ] - ==> Parameters: 
2020-08-10 22:18:02.537 -[http-nio-10031-exec-10]- [ DEBUG ] [ c.j.c.web.admin.mapper.SiteMapper.getPage_COUNT : 143 ] - <==      Total: 1
2020-08-10 22:18:02.537 -[http-nio-10031-exec-10]- [ DEBUG ] [ c.j.crawler.web.admin.mapper.SiteMapper.getPage : 143 ] - ==>  Preparing: select t.id, t.name, t.domain, t.description, t.home_page_url, t.parent_site_id, t.crawl_need_use_cookie, t.login_script_id, t.login_need_vcode, t.login_capta_type, t.need_use_proxy, t.ip_delay_timeout, t.ip_block_timeout, t.ip_hour_speed_limit, t.ip_minute_speed_limit, t.ip_day_speed_limit, t.account_allow_cross_ip, t.account_allow_multiple, t.account_minute_speed_limit, t.account_hour_speed_limit, t.account_day_speed_limit, t.account_max_block_count, t.account_block_timeout, t.account_max_cookie_count, t.account_delay_timeout, t.cookie_max_block_count, t.cookie_expire_timeout, t.cookie_delay_timeout, t.enable_status, t.create_time from site t LIMIT ? 
2020-08-10 22:18:02.538 -[http-nio-10031-exec-10]- [ DEBUG ] [ c.j.crawler.web.admin.mapper.SiteMapper.getPage : 143 ] - ==> Parameters: 10(Integer)
2020-08-10 22:18:02.539 -[http-nio-10031-exec-10]- [ DEBUG ] [ c.j.crawler.web.admin.mapper.SiteMapper.getPage : 143 ] - <==      Total: 1
2020-08-10 22:18:03.240 -[http-nio-10031-exec-1]- [ DEBUG ] [ c.j.c.w.a.mapper.DownSystemMapper.getPage_COUNT : 143 ] - ==>  Preparing: SELECT count(0) FROM down_system t 
2020-08-10 22:18:03.241 -[http-nio-10031-exec-1]- [ DEBUG ] [ c.j.c.w.a.mapper.DownSystemMapper.getPage_COUNT : 143 ] - ==> Parameters: 
2020-08-10 22:18:03.243 -[http-nio-10031-exec-1]- [ DEBUG ] [ c.j.c.w.a.mapper.DownSystemMapper.getPage_COUNT : 143 ] - <==      Total: 1
2020-08-10 22:18:03.243 -[http-nio-10031-exec-1]- [ DEBUG ] [ c.j.c.web.admin.mapper.DownSystemMapper.getPage : 143 ] - ==>  Preparing: select t.id, t.name, t.priority, t.description, t.app_key, t.app_secret, t.data_url, t.data_queue, t.task_max_running_count, t.task_current_running_count, t.url_total_count, t.url_finished_count, t.url_bad_count, t.enable_status, t.create_time from down_system t LIMIT ? 
2020-08-10 22:18:03.244 -[http-nio-10031-exec-1]- [ DEBUG ] [ c.j.c.web.admin.mapper.DownSystemMapper.getPage : 143 ] - ==> Parameters: 10(Integer)
2020-08-10 22:18:03.245 -[http-nio-10031-exec-1]- [ DEBUG ] [ c.j.c.web.admin.mapper.DownSystemMapper.getPage : 143 ] - <==      Total: 1
2020-08-10 22:18:14.979 -[http-nio-10031-exec-2]- [ DEBUG ] [ c.j.c.w.a.m.DownSystemSiteMapper.getPage_COUNT : 143 ] - ==>  Preparing: SELECT count(0) FROM down_system_site t 
2020-08-10 22:18:14.979 -[http-nio-10031-exec-2]- [ DEBUG ] [ c.j.c.w.a.m.DownSystemSiteMapper.getPage_COUNT : 143 ] - ==> Parameters: 
2020-08-10 22:18:14.982 -[http-nio-10031-exec-2]- [ DEBUG ] [ c.j.c.w.a.m.DownSystemSiteMapper.getPage_COUNT : 143 ] - <==      Total: 1
2020-08-10 22:18:14.982 -[http-nio-10031-exec-2]- [ DEBUG ] [ c.j.c.w.admin.mapper.DownSystemSiteMapper.getPage : 143 ] - ==>  Preparing: select t.id, t.site_id, t.script_id, t.down_system_id, t.priority, t.crawler_page_encoding, t.crawler_page_timeout, t.crawler_crawl_type, t.crawler_auto_download_page, t.url_max_cache_count, t.url_finished_count, t.url_bad_count, t.url_total_count, t.url_encodes, t.url_max_crawl_count, t.url_max_depth, t.url_match_patterns, t.bloom_expected_url_size, t.bloom_fpp, t.task_url_batch_count, t.task_max_wait_to_bind_count, t.task_current_bind_count, t.task_max_running_count, t.task_current_running_count, t.task_timeout, t.enable_status, t.create_time from down_system_site t LIMIT ? 
2020-08-10 22:18:14.983 -[http-nio-10031-exec-2]- [ DEBUG ] [ c.j.c.w.admin.mapper.DownSystemSiteMapper.getPage : 143 ] - ==> Parameters: 10(Integer)
2020-08-10 22:18:14.984 -[http-nio-10031-exec-2]- [ DEBUG ] [ c.j.c.w.admin.mapper.DownSystemSiteMapper.getPage : 143 ] - <==      Total: 1
2020-08-10 22:18:17.205 -[http-nio-10031-exec-3]- [ DEBUG ] [ c.j.c.web.admin.mapper.CookieMapper.getPage_COUNT : 143 ] - ==>  Preparing: SELECT count(0) FROM cookie t 
2020-08-10 22:18:17.205 -[http-nio-10031-exec-3]- [ DEBUG ] [ c.j.c.web.admin.mapper.CookieMapper.getPage_COUNT : 143 ] - ==> Parameters: 
2020-08-10 22:18:17.229 -[http-nio-10031-exec-3]- [ DEBUG ] [ c.j.c.web.admin.mapper.CookieMapper.getPage_COUNT : 143 ] - <==      Total: 1
2020-08-10 22:18:21.730 -[http-nio-10031-exec-4]- [ DEBUG ] [ c.j.c.web.admin.mapper.ScriptMapper.getPage_COUNT : 143 ] - ==>  Preparing: SELECT count(0) FROM script t 
2020-08-10 22:18:21.759 -[http-nio-10031-exec-4]- [ DEBUG ] [ c.j.c.web.admin.mapper.ScriptMapper.getPage_COUNT : 143 ] - ==> Parameters: 
2020-08-10 22:18:21.840 -[http-nio-10031-exec-4]- [ DEBUG ] [ c.j.c.web.admin.mapper.ScriptMapper.getPage_COUNT : 143 ] - <==      Total: 1
2020-08-10 22:18:21.840 -[http-nio-10031-exec-4]- [ DEBUG ] [ c.j.crawler.web.admin.mapper.ScriptMapper.getPage : 143 ] - ==>  Preparing: select t.id, t.description, t.path, t.script_type, t.down_system_site_id, t.enable_status, t.create_time from script t LIMIT ? 
2020-08-10 22:18:21.841 -[http-nio-10031-exec-4]- [ DEBUG ] [ c.j.crawler.web.admin.mapper.ScriptMapper.getPage : 143 ] - ==> Parameters: 10(Integer)
2020-08-10 22:18:21.855 -[http-nio-10031-exec-4]- [ DEBUG ] [ c.j.crawler.web.admin.mapper.ScriptMapper.getPage : 143 ] - <==      Total: 10
2020-08-10 22:18:23.769 -[http-nio-10031-exec-5]- [ DEBUG ] [ c.j.c.w.admin.mapper.CrawlTaskMapper.getPage_COUNT : 143 ] - ==>  Preparing: SELECT count(0) FROM crawl_task t 
2020-08-10 22:18:23.770 -[http-nio-10031-exec-5]- [ DEBUG ] [ c.j.c.w.admin.mapper.CrawlTaskMapper.getPage_COUNT : 143 ] - ==> Parameters: 
2020-08-10 22:18:23.796 -[http-nio-10031-exec-5]- [ DEBUG ] [ c.j.c.w.admin.mapper.CrawlTaskMapper.getPage_COUNT : 143 ] - <==      Total: 1
2020-08-10 22:18:25.520 -[http-nio-10031-exec-6]- [ DEBUG ] [ c.j.c.w.a.m.SiteIpBlockMapMapper.getPage_COUNT : 143 ] - ==>  Preparing: SELECT count(0) FROM site_ip_block_map t WHERE t.ip = ? 
2020-08-10 22:18:25.520 -[http-nio-10031-exec-6]- [ DEBUG ] [ c.j.c.w.a.m.SiteIpBlockMapMapper.getPage_COUNT : 143 ] - ==> Parameters: (String)
2020-08-10 22:18:25.542 -[http-nio-10031-exec-6]- [ DEBUG ] [ c.j.c.w.a.m.SiteIpBlockMapMapper.getPage_COUNT : 143 ] - <==      Total: 1
2020-08-10 22:18:26.512 -[http-nio-10031-exec-7]- [ DEBUG ] [ c.j.c.w.a.m.SiteIpDelayMapMapper.getPage_COUNT : 143 ] - ==>  Preparing: SELECT count(0) FROM site_ip_delay_map t WHERE t.ip = ? 
2020-08-10 22:18:26.512 -[http-nio-10031-exec-7]- [ DEBUG ] [ c.j.c.w.a.m.SiteIpDelayMapMapper.getPage_COUNT : 143 ] - ==> Parameters: (String)
2020-08-10 22:18:26.533 -[http-nio-10031-exec-7]- [ DEBUG ] [ c.j.c.w.a.m.SiteIpDelayMapMapper.getPage_COUNT : 143 ] - <==      Total: 1
2020-08-10 22:18:29.848 -[http-nio-10031-exec-8]- [ DEBUG ] [ c.j.c.w.a.mapper.DictionaryMapper.getPage_COUNT : 143 ] - ==>  Preparing: SELECT count(0) FROM dictionary t 
2020-08-10 22:18:29.849 -[http-nio-10031-exec-8]- [ DEBUG ] [ c.j.c.w.a.mapper.DictionaryMapper.getPage_COUNT : 143 ] - ==> Parameters: 
2020-08-10 22:18:29.876 -[http-nio-10031-exec-8]- [ DEBUG ] [ c.j.c.w.a.mapper.DictionaryMapper.getPage_COUNT : 143 ] - <==      Total: 1
2020-08-10 22:18:29.877 -[http-nio-10031-exec-8]- [ DEBUG ] [ c.j.c.web.admin.mapper.DictionaryMapper.getPage : 143 ] - ==>  Preparing: select t.id, t.type, t.value, t.label, t.color, t.create_time from dictionary t order by t.type ,t.value LIMIT ? 
2020-08-10 22:18:29.877 -[http-nio-10031-exec-8]- [ DEBUG ] [ c.j.c.web.admin.mapper.DictionaryMapper.getPage : 143 ] - ==> Parameters: 10(Integer)
2020-08-10 22:18:29.889 -[http-nio-10031-exec-8]- [ DEBUG ] [ c.j.c.web.admin.mapper.DictionaryMapper.getPage : 143 ] - <==      Total: 10
2020-08-10 22:18:33.396 -[http-nio-10031-exec-9]- [ DEBUG ] [ c.j.c.w.a.m.SiteIpDelayMapMapper.getPage_COUNT : 143 ] - ==>  Preparing: SELECT count(0) FROM site_ip_delay_map t WHERE t.ip = ? 
2020-08-10 22:18:33.397 -[http-nio-10031-exec-9]- [ DEBUG ] [ c.j.c.w.a.m.SiteIpDelayMapMapper.getPage_COUNT : 143 ] - ==> Parameters: (String)
2020-08-10 22:18:33.409 -[http-nio-10031-exec-9]- [ DEBUG ] [ c.j.c.w.a.m.SiteIpDelayMapMapper.getPage_COUNT : 143 ] - <==      Total: 1
2020-08-10 22:18:35.782 -[http-nio-10031-exec-10]- [ DEBUG ] [ c.j.c.web.admin.mapper.SiteMapper.getPage_COUNT : 143 ] - ==>  Preparing: SELECT count(0) FROM site t 
2020-08-10 22:18:35.782 -[http-nio-10031-exec-10]- [ DEBUG ] [ c.j.c.web.admin.mapper.SiteMapper.getPage_COUNT : 143 ] - ==> Parameters: 
2020-08-10 22:18:35.784 -[http-nio-10031-exec-10]- [ DEBUG ] [ c.j.c.web.admin.mapper.SiteMapper.getPage_COUNT : 143 ] - <==      Total: 1
2020-08-10 22:18:35.785 -[http-nio-10031-exec-10]- [ DEBUG ] [ c.j.crawler.web.admin.mapper.SiteMapper.getPage : 143 ] - ==>  Preparing: select t.id, t.name, t.domain, t.description, t.home_page_url, t.parent_site_id, t.crawl_need_use_cookie, t.login_script_id, t.login_need_vcode, t.login_capta_type, t.need_use_proxy, t.ip_delay_timeout, t.ip_block_timeout, t.ip_hour_speed_limit, t.ip_minute_speed_limit, t.ip_day_speed_limit, t.account_allow_cross_ip, t.account_allow_multiple, t.account_minute_speed_limit, t.account_hour_speed_limit, t.account_day_speed_limit, t.account_max_block_count, t.account_block_timeout, t.account_max_cookie_count, t.account_delay_timeout, t.cookie_max_block_count, t.cookie_expire_timeout, t.cookie_delay_timeout, t.enable_status, t.create_time from site t LIMIT ? 
2020-08-10 22:18:35.785 -[http-nio-10031-exec-10]- [ DEBUG ] [ c.j.crawler.web.admin.mapper.SiteMapper.getPage : 143 ] - ==> Parameters: 10(Integer)
2020-08-10 22:18:35.786 -[http-nio-10031-exec-10]- [ DEBUG ] [ c.j.crawler.web.admin.mapper.SiteMapper.getPage : 143 ] - <==      Total: 1
2020-08-10 22:18:36.699 -[http-nio-10031-exec-1]- [ DEBUG ] [ c.j.c.w.a.mapper.SiteAccountMapper.getPage_COUNT : 143 ] - ==>  Preparing: SELECT count(0) FROM site_account t 
2020-08-10 22:18:36.700 -[http-nio-10031-exec-1]- [ DEBUG ] [ c.j.c.w.a.mapper.SiteAccountMapper.getPage_COUNT : 143 ] - ==> Parameters: 
2020-08-10 22:18:36.702 -[http-nio-10031-exec-1]- [ DEBUG ] [ c.j.c.w.a.mapper.SiteAccountMapper.getPage_COUNT : 143 ] - <==      Total: 1
2020-08-10 22:18:36.702 -[http-nio-10031-exec-1]- [ DEBUG ] [ c.j.c.web.admin.mapper.SiteAccountMapper.getPage : 143 ] - ==>  Preparing: select t.id, t.account, t.nick_name, t.description, t.login_type, t.site_id, t.phone, t.email, t.password, t.last_login_time, t.last_login_ip, t.current_use_count, t.block_current_count, t.block_timeout_time, t.enable_status, t.create_time from site_account t LIMIT ? 
2020-08-10 22:18:36.703 -[http-nio-10031-exec-1]- [ DEBUG ] [ c.j.c.web.admin.mapper.SiteAccountMapper.getPage : 143 ] - ==> Parameters: 10(Integer)
2020-08-10 22:18:36.704 -[http-nio-10031-exec-1]- [ DEBUG ] [ c.j.c.web.admin.mapper.SiteAccountMapper.getPage : 143 ] - <==      Total: 1
2020-08-10 22:18:38.588 -[http-nio-10031-exec-2]- [ DEBUG ] [ c.j.c.w.a.mapper.DownSystemMapper.getPage_COUNT : 143 ] - ==>  Preparing: SELECT count(0) FROM down_system t 
2020-08-10 22:18:38.589 -[http-nio-10031-exec-2]- [ DEBUG ] [ c.j.c.w.a.mapper.DownSystemMapper.getPage_COUNT : 143 ] - ==> Parameters: 
2020-08-10 22:18:38.591 -[http-nio-10031-exec-2]- [ DEBUG ] [ c.j.c.w.a.mapper.DownSystemMapper.getPage_COUNT : 143 ] - <==      Total: 1
2020-08-10 22:18:38.591 -[http-nio-10031-exec-2]- [ DEBUG ] [ c.j.c.web.admin.mapper.DownSystemMapper.getPage : 143 ] - ==>  Preparing: select t.id, t.name, t.priority, t.description, t.app_key, t.app_secret, t.data_url, t.data_queue, t.task_max_running_count, t.task_current_running_count, t.url_total_count, t.url_finished_count, t.url_bad_count, t.enable_status, t.create_time from down_system t LIMIT ? 
2020-08-10 22:18:38.592 -[http-nio-10031-exec-2]- [ DEBUG ] [ c.j.c.web.admin.mapper.DownSystemMapper.getPage : 143 ] - ==> Parameters: 10(Integer)
2020-08-10 22:18:38.593 -[http-nio-10031-exec-2]- [ DEBUG ] [ c.j.c.web.admin.mapper.DownSystemMapper.getPage : 143 ] - <==      Total: 1
2020-08-10 22:18:40.698 -[http-nio-10031-exec-3]- [ DEBUG ] [ c.j.c.w.a.m.DownSystemSiteMapper.getPage_COUNT : 143 ] - ==>  Preparing: SELECT count(0) FROM down_system_site t 
2020-08-10 22:18:40.699 -[http-nio-10031-exec-3]- [ DEBUG ] [ c.j.c.w.a.m.DownSystemSiteMapper.getPage_COUNT : 143 ] - ==> Parameters: 
2020-08-10 22:18:40.701 -[http-nio-10031-exec-3]- [ DEBUG ] [ c.j.c.w.a.m.DownSystemSiteMapper.getPage_COUNT : 143 ] - <==      Total: 1
2020-08-10 22:18:40.701 -[http-nio-10031-exec-3]- [ DEBUG ] [ c.j.c.w.admin.mapper.DownSystemSiteMapper.getPage : 143 ] - ==>  Preparing: select t.id, t.site_id, t.script_id, t.down_system_id, t.priority, t.crawler_page_encoding, t.crawler_page_timeout, t.crawler_crawl_type, t.crawler_auto_download_page, t.url_max_cache_count, t.url_finished_count, t.url_bad_count, t.url_total_count, t.url_encodes, t.url_max_crawl_count, t.url_max_depth, t.url_match_patterns, t.bloom_expected_url_size, t.bloom_fpp, t.task_url_batch_count, t.task_max_wait_to_bind_count, t.task_current_bind_count, t.task_max_running_count, t.task_current_running_count, t.task_timeout, t.enable_status, t.create_time from down_system_site t LIMIT ? 
2020-08-10 22:18:40.702 -[http-nio-10031-exec-3]- [ DEBUG ] [ c.j.c.w.admin.mapper.DownSystemSiteMapper.getPage : 143 ] - ==> Parameters: 10(Integer)
2020-08-10 22:18:40.703 -[http-nio-10031-exec-3]- [ DEBUG ] [ c.j.c.w.admin.mapper.DownSystemSiteMapper.getPage : 143 ] - <==      Total: 1
2020-08-10 22:19:00.462 -[http-nio-10031-exec-4]- [ DEBUG ] [ c.j.c.w.a.mapper.DictionaryMapper.getPage_COUNT : 143 ] - ==>  Preparing: SELECT count(0) FROM dictionary t 
2020-08-10 22:19:00.463 -[http-nio-10031-exec-4]- [ DEBUG ] [ c.j.c.w.a.mapper.DictionaryMapper.getPage_COUNT : 143 ] - ==> Parameters: 
2020-08-10 22:19:00.483 -[http-nio-10031-exec-4]- [ DEBUG ] [ c.j.c.w.a.mapper.DictionaryMapper.getPage_COUNT : 143 ] - <==      Total: 1
2020-08-10 22:19:00.484 -[http-nio-10031-exec-4]- [ DEBUG ] [ c.j.c.web.admin.mapper.DictionaryMapper.getPage : 143 ] - ==>  Preparing: select t.id, t.type, t.value, t.label, t.color, t.create_time from dictionary t order by t.type ,t.value LIMIT ? 
2020-08-10 22:19:00.484 -[http-nio-10031-exec-4]- [ DEBUG ] [ c.j.c.web.admin.mapper.DictionaryMapper.getPage : 143 ] - ==> Parameters: 10(Integer)
2020-08-10 22:19:00.485 -[http-nio-10031-exec-4]- [ DEBUG ] [ c.j.c.web.admin.mapper.DictionaryMapper.getPage : 143 ] - <==      Total: 10
2020-08-10 22:19:02.043 -[http-nio-10031-exec-5]- [ DEBUG ] [ c.j.c.w.a.m.SiteIpDelayMapMapper.getPage_COUNT : 143 ] - ==>  Preparing: SELECT count(0) FROM site_ip_delay_map t WHERE t.ip = ? 
2020-08-10 22:19:02.043 -[http-nio-10031-exec-5]- [ DEBUG ] [ c.j.c.w.a.m.SiteIpDelayMapMapper.getPage_COUNT : 143 ] - ==> Parameters: (String)
2020-08-10 22:19:02.044 -[http-nio-10031-exec-5]- [ DEBUG ] [ c.j.c.w.a.m.SiteIpDelayMapMapper.getPage_COUNT : 143 ] - <==      Total: 1
2020-08-10 22:19:10.432 -[http-nio-10031-exec-6]- [ DEBUG ] [ c.j.c.w.a.mapper.DownSystemMapper.getPage_COUNT : 143 ] - ==>  Preparing: SELECT count(0) FROM down_system t 
2020-08-10 22:19:10.432 -[http-nio-10031-exec-6]- [ DEBUG ] [ c.j.c.w.a.mapper.DownSystemMapper.getPage_COUNT : 143 ] - ==> Parameters: 
2020-08-10 22:19:10.434 -[http-nio-10031-exec-6]- [ DEBUG ] [ c.j.c.w.a.mapper.DownSystemMapper.getPage_COUNT : 143 ] - <==      Total: 1
2020-08-10 22:19:10.435 -[http-nio-10031-exec-6]- [ DEBUG ] [ c.j.c.web.admin.mapper.DownSystemMapper.getPage : 143 ] - ==>  Preparing: select t.id, t.name, t.priority, t.description, t.app_key, t.app_secret, t.data_url, t.data_queue, t.task_max_running_count, t.task_current_running_count, t.url_total_count, t.url_finished_count, t.url_bad_count, t.enable_status, t.create_time from down_system t LIMIT ? 
2020-08-10 22:19:10.435 -[http-nio-10031-exec-6]- [ DEBUG ] [ c.j.c.web.admin.mapper.DownSystemMapper.getPage : 143 ] - ==> Parameters: 10(Integer)
2020-08-10 22:19:10.436 -[http-nio-10031-exec-6]- [ DEBUG ] [ c.j.c.web.admin.mapper.DownSystemMapper.getPage : 143 ] - <==      Total: 1
2020-08-10 22:19:11.916 -[http-nio-10031-exec-7]- [ DEBUG ] [ c.j.c.web.admin.mapper.ProxyMapper.getPage_COUNT : 143 ] - ==>  Preparing: SELECT count(0) FROM proxy t 
2020-08-10 22:19:11.916 -[http-nio-10031-exec-7]- [ DEBUG ] [ c.j.c.web.admin.mapper.ProxyMapper.getPage_COUNT : 143 ] - ==> Parameters: 
2020-08-10 22:19:11.919 -[http-nio-10031-exec-7]- [ DEBUG ] [ c.j.c.web.admin.mapper.ProxyMapper.getPage_COUNT : 143 ] - <==      Total: 1
2020-08-10 22:19:11.920 -[http-nio-10031-exec-7]- [ DEBUG ] [ c.j.crawler.web.admin.mapper.ProxyMapper.getPage : 143 ] - ==>  Preparing: select t.id, t.ip, t.port, t.account, t.password, t.protocol, t.proxy_type, t.max_use_count, t.current_use_count, t.block_max_count, t.block_current_count, t.block_timeout_time, t.enable_status, t.create_time from proxy t LIMIT ? 
2020-08-10 22:19:11.920 -[http-nio-10031-exec-7]- [ DEBUG ] [ c.j.crawler.web.admin.mapper.ProxyMapper.getPage : 143 ] - ==> Parameters: 10(Integer)
2020-08-10 22:19:11.922 -[http-nio-10031-exec-7]- [ DEBUG ] [ c.j.crawler.web.admin.mapper.ProxyMapper.getPage : 143 ] - <==      Total: 1
2020-08-10 22:19:52.148 -[http-nio-10031-exec-8]- [ DEBUG ] [ c.j.c.web.admin.mapper.ProxyMapper.updateById : 143 ] - ==>  Preparing: update proxy t SET t.ip = ?, t.port = ?, t.proxy_type = ?, t.max_use_count = ?, t.block_max_count = ?, t.enable_status = ?, t.id = ? WHERE t.id = ? 
2020-08-10 22:19:52.149 -[http-nio-10031-exec-8]- [ DEBUG ] [ c.j.c.web.admin.mapper.ProxyMapper.updateById : 143 ] - ==> Parameters: 192.168.5.1(String), 4569(Integer), 1(Integer), 5(Integer), 5(Integer), 1(Integer), 39(Integer), 39(Integer)
2020-08-10 22:19:52.285 -[http-nio-10031-exec-8]- [ DEBUG ] [ c.j.c.web.admin.mapper.ProxyMapper.updateById : 143 ] - <==    Updates: 1
2020-08-10 22:20:29.224 -[http-nio-10031-exec-9]- [ DEBUG ] [ c.j.c.w.a.mapper.SiteAccountMapper.getPage_COUNT : 143 ] - ==>  Preparing: SELECT count(0) FROM site_account t 
2020-08-10 22:20:29.224 -[http-nio-10031-exec-9]- [ DEBUG ] [ c.j.c.w.a.mapper.SiteAccountMapper.getPage_COUNT : 143 ] - ==> Parameters: 
2020-08-10 22:20:29.227 -[http-nio-10031-exec-9]- [ DEBUG ] [ c.j.c.w.a.mapper.SiteAccountMapper.getPage_COUNT : 143 ] - <==      Total: 1
2020-08-10 22:20:29.228 -[http-nio-10031-exec-9]- [ DEBUG ] [ c.j.c.web.admin.mapper.SiteAccountMapper.getPage : 143 ] - ==>  Preparing: select t.id, t.account, t.nick_name, t.description, t.login_type, t.site_id, t.phone, t.email, t.password, t.last_login_time, t.last_login_ip, t.current_use_count, t.block_current_count, t.block_timeout_time, t.enable_status, t.create_time from site_account t LIMIT ? 
2020-08-10 22:20:29.228 -[http-nio-10031-exec-9]- [ DEBUG ] [ c.j.c.web.admin.mapper.SiteAccountMapper.getPage : 143 ] - ==> Parameters: 10(Integer)
2020-08-10 22:20:29.229 -[http-nio-10031-exec-9]- [ DEBUG ] [ c.j.c.web.admin.mapper.SiteAccountMapper.getPage : 143 ] - <==      Total: 1
2020-08-10 22:20:31.428 -[http-nio-10031-exec-10]- [ DEBUG ] [ c.j.c.w.a.m.SiteIpBlockMapMapper.getPage_COUNT : 143 ] - ==>  Preparing: SELECT count(0) FROM site_ip_block_map t WHERE t.ip = ? 
2020-08-10 22:20:31.428 -[http-nio-10031-exec-10]- [ DEBUG ] [ c.j.c.w.a.m.SiteIpBlockMapMapper.getPage_COUNT : 143 ] - ==> Parameters: (String)
2020-08-10 22:20:31.430 -[http-nio-10031-exec-10]- [ DEBUG ] [ c.j.c.w.a.m.SiteIpBlockMapMapper.getPage_COUNT : 143 ] - <==      Total: 1
2020-08-10 22:20:33.296 -[http-nio-10031-exec-1]- [ DEBUG ] [ c.j.c.w.admin.mapper.CrawlTaskMapper.getPage_COUNT : 143 ] - ==>  Preparing: SELECT count(0) FROM crawl_task t 
2020-08-10 22:20:33.297 -[http-nio-10031-exec-1]- [ DEBUG ] [ c.j.c.w.admin.mapper.CrawlTaskMapper.getPage_COUNT : 143 ] - ==> Parameters: 
2020-08-10 22:20:33.298 -[http-nio-10031-exec-1]- [ DEBUG ] [ c.j.c.w.admin.mapper.CrawlTaskMapper.getPage_COUNT : 143 ] - <==      Total: 1
2020-08-10 22:20:46.396 -[http-nio-10031-exec-2]- [ DEBUG ] [ c.j.c.web.admin.mapper.SiteMapper.getPage_COUNT : 143 ] - ==>  Preparing: SELECT count(0) FROM site t 
2020-08-10 22:20:46.396 -[http-nio-10031-exec-2]- [ DEBUG ] [ c.j.c.web.admin.mapper.SiteMapper.getPage_COUNT : 143 ] - ==> Parameters: 
2020-08-10 22:20:46.399 -[http-nio-10031-exec-2]- [ DEBUG ] [ c.j.c.web.admin.mapper.SiteMapper.getPage_COUNT : 143 ] - <==      Total: 1
2020-08-10 22:20:46.400 -[http-nio-10031-exec-2]- [ DEBUG ] [ c.j.crawler.web.admin.mapper.SiteMapper.getPage : 143 ] - ==>  Preparing: select t.id, t.name, t.domain, t.description, t.home_page_url, t.parent_site_id, t.crawl_need_use_cookie, t.login_script_id, t.login_need_vcode, t.login_capta_type, t.need_use_proxy, t.ip_delay_timeout, t.ip_block_timeout, t.ip_hour_speed_limit, t.ip_minute_speed_limit, t.ip_day_speed_limit, t.account_allow_cross_ip, t.account_allow_multiple, t.account_minute_speed_limit, t.account_hour_speed_limit, t.account_day_speed_limit, t.account_max_block_count, t.account_block_timeout, t.account_max_cookie_count, t.account_delay_timeout, t.cookie_max_block_count, t.cookie_expire_timeout, t.cookie_delay_timeout, t.enable_status, t.create_time from site t LIMIT ? 
2020-08-10 22:20:46.400 -[http-nio-10031-exec-2]- [ DEBUG ] [ c.j.crawler.web.admin.mapper.SiteMapper.getPage : 143 ] - ==> Parameters: 10(Integer)
2020-08-10 22:20:46.402 -[http-nio-10031-exec-2]- [ DEBUG ] [ c.j.crawler.web.admin.mapper.SiteMapper.getPage : 143 ] - <==      Total: 1
2020-08-10 22:22:08.298 -[http-nio-10031-exec-3]- [ DEBUG ] [ c.j.c.w.a.mapper.DictionaryMapper.getPage_COUNT : 143 ] - ==>  Preparing: SELECT count(0) FROM dictionary t 
2020-08-10 22:22:08.298 -[http-nio-10031-exec-3]- [ DEBUG ] [ c.j.c.w.a.mapper.DictionaryMapper.getPage_COUNT : 143 ] - ==> Parameters: 
2020-08-10 22:22:08.312 -[http-nio-10031-exec-3]- [ DEBUG ] [ c.j.c.w.a.mapper.DictionaryMapper.getPage_COUNT : 143 ] - <==      Total: 1
2020-08-10 22:22:08.313 -[http-nio-10031-exec-3]- [ DEBUG ] [ c.j.c.web.admin.mapper.DictionaryMapper.getPage : 143 ] - ==>  Preparing: select t.id, t.type, t.value, t.label, t.color, t.create_time from dictionary t order by t.type ,t.value LIMIT ? 
2020-08-10 22:22:08.314 -[http-nio-10031-exec-3]- [ DEBUG ] [ c.j.c.web.admin.mapper.DictionaryMapper.getPage : 143 ] - ==> Parameters: 10(Integer)
2020-08-10 22:22:08.315 -[http-nio-10031-exec-3]- [ DEBUG ] [ c.j.c.web.admin.mapper.DictionaryMapper.getPage : 143 ] - <==      Total: 10
2020-08-10 22:22:18.559 -[http-nio-10031-exec-4]- [ DEBUG ] [ c.j.c.w.a.mapper.DictionaryMapper.getPage_COUNT : 143 ] - ==>  Preparing: SELECT count(0) FROM dictionary t 
2020-08-10 22:22:18.560 -[http-nio-10031-exec-4]- [ DEBUG ] [ c.j.c.w.a.mapper.DictionaryMapper.getPage_COUNT : 143 ] - ==> Parameters: 
2020-08-10 22:22:18.563 -[http-nio-10031-exec-4]- [ DEBUG ] [ c.j.c.w.a.mapper.DictionaryMapper.getPage_COUNT : 143 ] - <==      Total: 1
2020-08-10 22:22:18.563 -[http-nio-10031-exec-4]- [ DEBUG ] [ c.j.c.web.admin.mapper.DictionaryMapper.getPage : 143 ] - ==>  Preparing: select t.id, t.type, t.value, t.label, t.color, t.create_time from dictionary t order by t.type ,t.value LIMIT ? 
2020-08-10 22:22:18.564 -[http-nio-10031-exec-4]- [ DEBUG ] [ c.j.c.web.admin.mapper.DictionaryMapper.getPage : 143 ] - ==> Parameters: 100(Integer)
2020-08-10 22:22:18.566 -[http-nio-10031-exec-4]- [ DEBUG ] [ c.j.c.web.admin.mapper.DictionaryMapper.getPage : 143 ] - <==      Total: 30
2020-08-10 22:22:40.007 -[http-nio-10031-exec-5]- [ DEBUG ] [ c.j.c.web.admin.mapper.DictionaryMapper.updateById : 143 ] - ==>  Preparing: update dictionary t SET t.type = ?, t.value = ?, t.label = ?, t.last_update_time= current_timestamp WHERE t.id = ? 
2020-08-10 22:22:40.008 -[http-nio-10031-exec-5]- [ DEBUG ] [ c.j.c.web.admin.mapper.DictionaryMapper.updateById : 143 ] - ==> Parameters: BindStatus(String), 3(Integer), DownSystemSiteNotAvailable(String), 223(Integer)
2020-08-10 22:22:40.088 -[http-nio-10031-exec-5]- [ DEBUG ] [ c.j.c.web.admin.mapper.DictionaryMapper.updateById : 143 ] - <==    Updates: 1
2020-08-10 22:22:49.424 -[http-nio-10031-exec-6]- [ DEBUG ] [ c.j.c.w.a.m.DownSystemSiteMapper.getPage_COUNT : 143 ] - ==>  Preparing: SELECT count(0) FROM down_system_site t 
2020-08-10 22:22:49.424 -[http-nio-10031-exec-6]- [ DEBUG ] [ c.j.c.w.a.m.DownSystemSiteMapper.getPage_COUNT : 143 ] - ==> Parameters: 
2020-08-10 22:22:49.429 -[http-nio-10031-exec-6]- [ DEBUG ] [ c.j.c.w.a.m.DownSystemSiteMapper.getPage_COUNT : 143 ] - <==      Total: 1
2020-08-10 22:22:49.429 -[http-nio-10031-exec-6]- [ DEBUG ] [ c.j.c.w.admin.mapper.DownSystemSiteMapper.getPage : 143 ] - ==>  Preparing: select t.id, t.site_id, t.script_id, t.down_system_id, t.priority, t.crawler_page_encoding, t.crawler_page_timeout, t.crawler_crawl_type, t.crawler_auto_download_page, t.url_max_cache_count, t.url_finished_count, t.url_bad_count, t.url_total_count, t.url_encodes, t.url_max_crawl_count, t.url_max_depth, t.url_match_patterns, t.bloom_expected_url_size, t.bloom_fpp, t.task_url_batch_count, t.task_max_wait_to_bind_count, t.task_current_bind_count, t.task_max_running_count, t.task_current_running_count, t.task_timeout, t.enable_status, t.create_time from down_system_site t LIMIT ? 
2020-08-10 22:22:49.430 -[http-nio-10031-exec-6]- [ DEBUG ] [ c.j.c.w.admin.mapper.DownSystemSiteMapper.getPage : 143 ] - ==> Parameters: 10(Integer)
2020-08-10 22:22:49.431 -[http-nio-10031-exec-6]- [ DEBUG ] [ c.j.c.w.admin.mapper.DownSystemSiteMapper.getPage : 143 ] - <==      Total: 1
2020-08-10 22:22:56.520 -[http-nio-10031-exec-7]- [ DEBUG ] [ c.j.c.web.admin.mapper.CookieMapper.getPage_COUNT : 143 ] - ==>  Preparing: SELECT count(0) FROM cookie t 
2020-08-10 22:22:56.521 -[http-nio-10031-exec-7]- [ DEBUG ] [ c.j.c.web.admin.mapper.CookieMapper.getPage_COUNT : 143 ] - ==> Parameters: 
2020-08-10 22:22:56.522 -[http-nio-10031-exec-7]- [ DEBUG ] [ c.j.c.web.admin.mapper.CookieMapper.getPage_COUNT : 143 ] - <==      Total: 1
2020-08-10 22:22:58.920 -[http-nio-10031-exec-8]- [ DEBUG ] [ c.j.c.w.a.mapper.SiteAccountMapper.getPage_COUNT : 143 ] - ==>  Preparing: SELECT count(0) FROM site_account t 
2020-08-10 22:22:58.921 -[http-nio-10031-exec-8]- [ DEBUG ] [ c.j.c.w.a.mapper.SiteAccountMapper.getPage_COUNT : 143 ] - ==> Parameters: 
2020-08-10 22:22:58.923 -[http-nio-10031-exec-8]- [ DEBUG ] [ c.j.c.w.a.mapper.SiteAccountMapper.getPage_COUNT : 143 ] - <==      Total: 1
2020-08-10 22:22:58.924 -[http-nio-10031-exec-8]- [ DEBUG ] [ c.j.c.web.admin.mapper.SiteAccountMapper.getPage : 143 ] - ==>  Preparing: select t.id, t.account, t.nick_name, t.description, t.login_type, t.site_id, t.phone, t.email, t.password, t.last_login_time, t.last_login_ip, t.current_use_count, t.block_current_count, t.block_timeout_time, t.enable_status, t.create_time from site_account t LIMIT ? 
2020-08-10 22:22:58.924 -[http-nio-10031-exec-8]- [ DEBUG ] [ c.j.c.web.admin.mapper.SiteAccountMapper.getPage : 143 ] - ==> Parameters: 10(Integer)
2020-08-10 22:22:58.925 -[http-nio-10031-exec-8]- [ DEBUG ] [ c.j.c.web.admin.mapper.SiteAccountMapper.getPage : 143 ] - <==      Total: 1
2020-08-10 22:23:00.886 -[http-nio-10031-exec-9]- [ DEBUG ] [ c.j.c.w.a.m.DownSystemSiteMapper.getPage_COUNT : 143 ] - ==>  Preparing: SELECT count(0) FROM down_system_site t 
2020-08-10 22:23:00.887 -[http-nio-10031-exec-9]- [ DEBUG ] [ c.j.c.w.a.m.DownSystemSiteMapper.getPage_COUNT : 143 ] - ==> Parameters: 
2020-08-10 22:23:00.889 -[http-nio-10031-exec-9]- [ DEBUG ] [ c.j.c.w.a.m.DownSystemSiteMapper.getPage_COUNT : 143 ] - <==      Total: 1
2020-08-10 22:23:00.890 -[http-nio-10031-exec-9]- [ DEBUG ] [ c.j.c.w.admin.mapper.DownSystemSiteMapper.getPage : 143 ] - ==>  Preparing: select t.id, t.site_id, t.script_id, t.down_system_id, t.priority, t.crawler_page_encoding, t.crawler_page_timeout, t.crawler_crawl_type, t.crawler_auto_download_page, t.url_max_cache_count, t.url_finished_count, t.url_bad_count, t.url_total_count, t.url_encodes, t.url_max_crawl_count, t.url_max_depth, t.url_match_patterns, t.bloom_expected_url_size, t.bloom_fpp, t.task_url_batch_count, t.task_max_wait_to_bind_count, t.task_current_bind_count, t.task_max_running_count, t.task_current_running_count, t.task_timeout, t.enable_status, t.create_time from down_system_site t LIMIT ? 
2020-08-10 22:23:00.891 -[http-nio-10031-exec-9]- [ DEBUG ] [ c.j.c.w.admin.mapper.DownSystemSiteMapper.getPage : 143 ] - ==> Parameters: 10(Integer)
2020-08-10 22:23:00.892 -[http-nio-10031-exec-9]- [ DEBUG ] [ c.j.c.w.admin.mapper.DownSystemSiteMapper.getPage : 143 ] - <==      Total: 1
2020-08-10 23:08:14.700 -[http-nio-10031-exec-10]- [ DEBUG ] [ c.j.c.web.admin.mapper.SiteMapper.getPage_COUNT : 143 ] - ==>  Preparing: SELECT count(0) FROM site t 
2020-08-10 23:08:14.700 -[http-nio-10031-exec-10]- [ DEBUG ] [ c.j.c.web.admin.mapper.SiteMapper.getPage_COUNT : 143 ] - ==> Parameters: 
2020-08-10 23:08:14.739 -[http-nio-10031-exec-10]- [ DEBUG ] [ c.j.c.web.admin.mapper.SiteMapper.getPage_COUNT : 143 ] - <==      Total: 1
2020-08-10 23:08:14.739 -[http-nio-10031-exec-10]- [ DEBUG ] [ c.j.crawler.web.admin.mapper.SiteMapper.getPage : 143 ] - ==>  Preparing: select t.id, t.name, t.domain, t.description, t.home_page_url, t.parent_site_id, t.crawl_need_use_cookie, t.login_script_id, t.login_need_vcode, t.login_capta_type, t.need_use_proxy, t.ip_delay_timeout, t.ip_block_timeout, t.ip_hour_speed_limit, t.ip_minute_speed_limit, t.ip_day_speed_limit, t.account_allow_cross_ip, t.account_allow_multiple, t.account_minute_speed_limit, t.account_hour_speed_limit, t.account_day_speed_limit, t.account_max_block_count, t.account_block_timeout, t.account_max_cookie_count, t.account_delay_timeout, t.cookie_max_block_count, t.cookie_expire_timeout, t.cookie_delay_timeout, t.enable_status, t.create_time from site t LIMIT ? 
2020-08-10 23:08:14.740 -[http-nio-10031-exec-10]- [ DEBUG ] [ c.j.crawler.web.admin.mapper.SiteMapper.getPage : 143 ] - ==> Parameters: 10(Integer)
2020-08-10 23:08:14.741 -[http-nio-10031-exec-10]- [ DEBUG ] [ c.j.crawler.web.admin.mapper.SiteMapper.getPage : 143 ] - <==      Total: 1
2020-08-10 23:08:16.999 -[http-nio-10031-exec-1]- [ DEBUG ] [ c.j.c.web.admin.mapper.CookieMapper.getPage_COUNT : 143 ] - ==>  Preparing: SELECT count(0) FROM cookie t 
2020-08-10 23:08:16.999 -[http-nio-10031-exec-1]- [ DEBUG ] [ c.j.c.web.admin.mapper.CookieMapper.getPage_COUNT : 143 ] - ==> Parameters: 
2020-08-10 23:08:17.020 -[http-nio-10031-exec-1]- [ DEBUG ] [ c.j.c.web.admin.mapper.CookieMapper.getPage_COUNT : 143 ] - <==      Total: 1
2020-08-10 23:08:23.442 -[http-nio-10031-exec-2]- [ DEBUG ] [ c.j.c.web.admin.mapper.CrawlerMapper.getPage_COUNT : 143 ] - ==>  Preparing: SELECT count(0) FROM crawler t 
2020-08-10 23:08:23.443 -[http-nio-10031-exec-2]- [ DEBUG ] [ c.j.c.web.admin.mapper.CrawlerMapper.getPage_COUNT : 143 ] - ==> Parameters: 
2020-08-10 23:08:23.465 -[http-nio-10031-exec-2]- [ DEBUG ] [ c.j.c.web.admin.mapper.CrawlerMapper.getPage_COUNT : 143 ] - <==      Total: 1
2020-08-10 23:08:23.465 -[http-nio-10031-exec-2]- [ DEBUG ] [ c.j.crawler.web.admin.mapper.CrawlerMapper.getPage : 143 ] - ==>  Preparing: select t.id, t.client_version, t.name, t.ip, t.description, t.crawler_type, t.key, t.unique_id, t.port, t.max_concurrency, t.current_concurrency, t.heartbeat_status, t.heartbeat_last_time, t.heartbeat_lost_count, t.enable_status, t.create_time from crawler t LIMIT ? 
2020-08-10 23:08:23.466 -[http-nio-10031-exec-2]- [ DEBUG ] [ c.j.crawler.web.admin.mapper.CrawlerMapper.getPage : 143 ] - ==> Parameters: 10(Integer)
2020-08-10 23:08:23.467 -[http-nio-10031-exec-2]- [ DEBUG ] [ c.j.crawler.web.admin.mapper.CrawlerMapper.getPage : 143 ] - <==      Total: 1
